#
# There is insufficient memory for the Java Runtime Environment to continue.
# Native memory allocation (malloc) failed to allocate 1211216 bytes for Chunk::new
# Possible reasons:
#   The system is out of physical RAM or swap space
#   The process is running with CompressedOops enabled, and the Java Heap may be blocking the growth of the native heap
# Possible solutions:
#   Reduce memory load on the system
#   Increase physical memory or swap space
#   Check if swap backing store is full
#   Decrease Java heap size (-Xmx/-Xms)
#   Decrease number of Java threads
#   Decrease Java thread stack sizes (-Xss)
#   Set larger code cache with -XX:ReservedCodeCacheSize=
#   JVM is running with Unscaled Compressed Oops mode in which the Java heap is
#     placed in the first 4GB address space. The Java Heap base address is the
#     maximum limit for the native heap growth. Please use -XX:HeapBaseMinAddress
#     to set the Java Heap base and to place the Java Heap above 4GB virtual address.
# This output file may be truncated or incomplete.
#
#  Out of Memory Error (./src/hotspot/share/memory/arena.cpp:197), pid=6972, tid=3576
#
# JRE version: OpenJDK Runtime Environment (11.0.12+7) (build 11.0.12+7-b1504.28-7817840)
# Java VM: OpenJDK 64-Bit Server VM (11.0.12+7-b1504.28-7817840, mixed mode, tiered, compressed oops, g1 gc, windows-amd64)
# No core dump will be written. Minidumps are not enabled by default on client versions of Windows
#

---------------  S U M M A R Y ------------

Command Line: --add-opens=java.base/java.util=ALL-UNNAMED --add-opens=java.base/java.lang=ALL-UNNAMED --add-opens=java.base/java.lang.invoke=ALL-UNNAMED --add-opens=java.base/java.util=ALL-UNNAMED --add-opens=java.prefs/java.util.prefs=ALL-UNNAMED --add-opens=java.prefs/java.util.prefs=ALL-UNNAMED --add-opens=java.base/java.nio.charset=ALL-UNNAMED --add-opens=java.base/java.net=ALL-UNNAMED --add-opens=java.base/java.util.concurrent.atomic=ALL-UNNAMED -Xmx2048m -Dfile.encoding=UTF-8 -Duser.country=RU -Duser.language=ru -Duser.variant org.gradle.launcher.daemon.bootstrap.GradleDaemon 7.3.3

Host: Intel(R) Core(TM) i3-10100 CPU @ 3.60GHz, 8 cores, 7G,  Windows 10 , 64 bit Build 19041 (10.0.19041.1706)
Time: Wed May 11 17:22:50 2022 Западная Азия (зима) elapsed time: 28.865742 seconds (0d 0h 0m 28s)

---------------  T H R E A D  ---------------

Current thread (0x0000016802628800):  JavaThread "C2 CompilerThread0" daemon [_thread_in_native, id=3576, stack(0x0000005943500000,0x0000005943600000)]


Current CompileTask:
C2:  28865 10387       4       org.gradle.cache.internal.btree.FreeListBlockStore::read (12 bytes)

Stack: [0x0000005943500000,0x0000005943600000]
Native frames: (J=compiled Java code, j=interpreted, Vv=VM code, C=native code)
V  [jvm.dll+0x5fbcea]
V  [jvm.dll+0x731905]
V  [jvm.dll+0x732f1d]
V  [jvm.dll+0x7335d3]
V  [jvm.dll+0x247bf8]
V  [jvm.dll+0xc018c]
V  [jvm.dll+0xc06cc]
V  [jvm.dll+0x35b2db]
V  [jvm.dll+0x328803]
V  [jvm.dll+0x327cfa]
V  [jvm.dll+0x200602]
V  [jvm.dll+0x1ff794]
V  [jvm.dll+0x18868c]
V  [jvm.dll+0x20e0d7]
V  [jvm.dll+0x20c901]
V  [jvm.dll+0x6f9b7f]
V  [jvm.dll+0x6f26a5]
V  [jvm.dll+0x5fabf6]
C  [ucrtbase.dll+0x21bb2]
C  [KERNEL32.DLL+0x17034]
C  [ntdll.dll+0x52651]


---------------  P R O C E S S  ---------------

Threads class SMR info:
_java_thread_list=0x000001680b6b6370, length=124, elements={
0x000001686618c800, 0x0000016802603800, 0x000001680260e800, 0x0000016802621800,
0x0000016802622800, 0x0000016802623800, 0x0000016802628800, 0x0000016802634800,
0x0000016802637800, 0x00000168030ff800, 0x0000016804967000, 0x00000168048ee000,
0x0000016803c3a000, 0x00000168049e5800, 0x0000016804707800, 0x00000168045d4000,
0x00000168041c5800, 0x0000016804f8d800, 0x0000016805430000, 0x0000016805424800,
0x0000016805425800, 0x0000016805423800, 0x0000016805426000, 0x0000016805423000,
0x0000016805420800, 0x0000016805427000, 0x0000016805421800, 0x0000016805422000,
0x000001680580f000, 0x000001680580e000, 0x000001680580d800, 0x0000016805813000,
0x0000016805811800, 0x0000016805814800, 0x0000016805812000, 0x0000016805815800,
0x0000016805810800, 0x0000016805810000, 0x0000016805817000, 0x0000016805819000,
0x0000016805819800, 0x0000016805814000, 0x000001680581a800, 0x000001680581b000,
0x000001680581c000, 0x000001680797b800, 0x000001680797c800, 0x000001680797d800,
0x000001680797e000, 0x000001680797b000, 0x000001680797f800, 0x0000016807983000,
0x0000016807980800, 0x0000016807982000, 0x0000016807981800, 0x0000016807984000,
0x0000016807984800, 0x000001680797f000, 0x0000016807988000, 0x0000016807985800,
0x0000016807986000, 0x0000016807988800, 0x0000016807987000, 0x0000016807989800,
0x0000016808ae3800, 0x0000016808ae7000, 0x0000016808ae3000, 0x0000016808ae8800,
0x0000016808ae7800, 0x0000016808ae9800, 0x0000016808ae6000, 0x0000016808ae4800,
0x0000016808aea000, 0x0000016808aeb000, 0x0000016808ae5000, 0x0000016808aed800,
0x0000016808af0000, 0x0000016808aee000, 0x0000016808aeb800, 0x0000016808aef000,
0x0000016808af0800, 0x0000016808af1800, 0x0000016808aec800, 0x0000016807ecf800,
0x0000016807ecd800, 0x0000016807ecf000, 0x0000016807ed0800, 0x0000016807ed2000,
0x0000016807ed1800, 0x0000016807ed3000, 0x0000016807ed4000, 0x0000016807ece000,
0x0000016807ed7000, 0x0000016807ed8000, 0x0000016807eda800, 0x0000016807ed5800,
0x0000016807ed4800, 0x0000016807edb000, 0x0000016807ed8800, 0x0000016807ed6000,
0x0000016807ed9800, 0x0000016807edc000, 0x0000016808e64000, 0x0000016808e67000,
0x0000016808e63000, 0x0000016808e6a800, 0x0000016808e65800, 0x0000016808e65000,
0x0000016808e68000, 0x0000016808e66800, 0x0000016808e69000, 0x0000016808e6d000,
0x0000016808e6f800, 0x0000016808e6e000, 0x0000016808e69800, 0x0000016808e6e800,
0x0000016808e70000, 0x0000016808e71000, 0x0000016808e6b800, 0x0000016808e72000,
0x0000016808e6c000, 0x00000168088f6800, 0x00000168088f3000, 0x00000168088f7000
}

Java Threads: ( => current thread )
  0x000001686618c800 JavaThread "main" [_thread_blocked, id=13288, stack(0x0000005942900000,0x0000005942a00000)]
  0x0000016802603800 JavaThread "Reference Handler" daemon [_thread_blocked, id=6848, stack(0x0000005943000000,0x0000005943100000)]
  0x000001680260e800 JavaThread "Finalizer" daemon [_thread_blocked, id=11100, stack(0x0000005943100000,0x0000005943200000)]
  0x0000016802621800 JavaThread "Signal Dispatcher" daemon [_thread_blocked, id=4784, stack(0x0000005943200000,0x0000005943300000)]
  0x0000016802622800 JavaThread "Attach Listener" daemon [_thread_blocked, id=7216, stack(0x0000005943300000,0x0000005943400000)]
  0x0000016802623800 JavaThread "Service Thread" daemon [_thread_blocked, id=3148, stack(0x0000005943400000,0x0000005943500000)]
=>0x0000016802628800 JavaThread "C2 CompilerThread0" daemon [_thread_in_native, id=3576, stack(0x0000005943500000,0x0000005943600000)]
  0x0000016802634800 JavaThread "C1 CompilerThread0" daemon [_thread_in_native, id=7488, stack(0x0000005943600000,0x0000005943700000)]
  0x0000016802637800 JavaThread "Sweeper thread" daemon [_thread_blocked, id=632, stack(0x0000005943700000,0x0000005943800000)]
  0x00000168030ff800 JavaThread "Common-Cleaner" daemon [_thread_blocked, id=7620, stack(0x0000005943800000,0x0000005943900000)]
  0x0000016804967000 JavaThread "Daemon health stats" [_thread_blocked, id=11572, stack(0x0000005943c00000,0x0000005943d00000)]
  0x00000168048ee000 JavaThread "Incoming local TCP Connector on port 10516" [_thread_in_native, id=2464, stack(0x0000005943d00000,0x0000005943e00000)]
  0x0000016803c3a000 JavaThread "Daemon periodic checks" [_thread_blocked, id=7744, stack(0x0000005943e00000,0x0000005943f00000)]
  0x00000168049e5800 JavaThread "Daemon" [_thread_blocked, id=5404, stack(0x0000005943f00000,0x0000005944000000)]
  0x0000016804707800 JavaThread "Handler for socket connection from /127.0.0.1:10516 to /127.0.0.1:10517" [_thread_in_native, id=10304, stack(0x0000005944000000,0x0000005944100000)]
  0x00000168045d4000 JavaThread "Cancel handler" [_thread_blocked, id=8492, stack(0x0000005944100000,0x0000005944200000)]
  0x00000168041c5800 JavaThread "Daemon worker" [_thread_blocked, id=13276, stack(0x0000005944200000,0x0000005944300000)]
  0x0000016804f8d800 JavaThread "Asynchronous log dispatcher for DefaultDaemonConnection: socket connection from /127.0.0.1:10516 to /127.0.0.1:10517" [_thread_blocked, id=12912, stack(0x0000005944300000,0x0000005944400000)]
  0x0000016805430000 JavaThread "Stdin handler" [_thread_blocked, id=4192, stack(0x0000005944400000,0x0000005944500000)]
  0x0000016805424800 JavaThread "Daemon client event forwarder" [_thread_blocked, id=7128, stack(0x0000005944500000,0x0000005944600000)]
  0x0000016805425800 JavaThread "Cache worker for journal cache (C:\Users\Turonbank\.gradle\caches\journal-1)" [_thread_blocked, id=4424, stack(0x0000005944b00000,0x0000005944c00000)]
  0x0000016805423800 JavaThread "File lock request listener" [_thread_in_native, id=8208, stack(0x0000005944c00000,0x0000005944d00000)]
  0x0000016805426000 JavaThread "Cache worker for file hash cache (C:\Users\Turonbank\.gradle\caches\7.3.3\fileHashes)" [_thread_blocked, id=8980, stack(0x0000005944e00000,0x0000005944f00000)]
  0x0000016805423000 JavaThread "Cache worker for file hash cache (C:\Users\Turonbank\AndroidStudioProjects\IntroPageJava2\.gradle\7.3.3\fileHashes)" [_thread_blocked, id=1836, stack(0x0000005944f00000,0x0000005945000000)]
  0x0000016805420800 JavaThread "File watcher server" daemon [_thread_in_native, id=7828, stack(0x0000005945000000,0x0000005945100000)]
  0x0000016805427000 JavaThread "File watcher consumer" daemon [_thread_blocked, id=13200, stack(0x0000005945100000,0x0000005945200000)]
  0x0000016805421800 JavaThread "jar transforms" [_thread_blocked, id=7276, stack(0x0000005945200000,0x0000005945300000)]
  0x0000016805422000 JavaThread "jar transforms Thread 2" [_thread_blocked, id=1348, stack(0x0000005945300000,0x0000005945400000)]
  0x000001680580f000 JavaThread "jar transforms Thread 3" [_thread_blocked, id=9732, stack(0x0000005945400000,0x0000005945500000)]
  0x000001680580e000 JavaThread "jar transforms Thread 4" [_thread_blocked, id=10640, stack(0x0000005945500000,0x0000005945600000)]
  0x000001680580d800 JavaThread "jar transforms Thread 5" [_thread_blocked, id=6536, stack(0x0000005945600000,0x0000005945700000)]
  0x0000016805813000 JavaThread "jar transforms Thread 6" [_thread_blocked, id=9364, stack(0x0000005945700000,0x0000005945800000)]
  0x0000016805811800 JavaThread "jar transforms Thread 7" [_thread_blocked, id=5676, stack(0x0000005945800000,0x0000005945900000)]
  0x0000016805814800 JavaThread "jar transforms Thread 8" [_thread_blocked, id=1064, stack(0x0000005945900000,0x0000005945a00000)]
  0x0000016805812000 JavaThread "Cache worker for checksums cache (C:\Users\Turonbank\AndroidStudioProjects\IntroPageJava2\.gradle\7.3.3\checksums)" [_thread_blocked, id=13236, stack(0x0000005945a00000,0x0000005945b00000)]
  0x0000016805815800 JavaThread "Cache worker for cache directory md-supplier (C:\Users\Turonbank\.gradle\caches\7.3.3\md-supplier)" [_thread_blocked, id=5896, stack(0x0000005945b00000,0x0000005945c00000)]
  0x0000016805810800 JavaThread "Cache worker for cache directory md-rule (C:\Users\Turonbank\.gradle\caches\7.3.3\md-rule)" [_thread_blocked, id=9524, stack(0x0000005945c00000,0x0000005945d00000)]
  0x0000016805810000 JavaThread "Cache worker for execution history cache (C:\Users\Turonbank\.gradle\caches\7.3.3\executionHistory)" [_thread_blocked, id=8384, stack(0x0000005945d00000,0x0000005945e00000)]
  0x0000016805817000 JavaThread "Cache worker for file content cache (C:\Users\Turonbank\.gradle\caches\7.3.3\fileContent)" [_thread_blocked, id=6528, stack(0x0000005945e00000,0x0000005945f00000)]
  0x0000016805819000 JavaThread "Cache worker for dependencies-accessors (C:\Users\Turonbank\AndroidStudioProjects\IntroPageJava2\.gradle\7.3.3\dependencies-accessors)" [_thread_blocked, id=11396, stack(0x0000005945f00000,0x0000005946000000)]
  0x0000016805819800 JavaThread "Cache worker for Build Output Cleanup Cache (C:\Users\Turonbank\AndroidStudioProjects\IntroPageJava2\.gradle\buildOutputCleanup)" [_thread_blocked, id=12436, stack(0x0000005946000000,0x0000005946100000)]
  0x0000016805814000 JavaThread "Unconstrained build operations" [_thread_blocked, id=12740, stack(0x0000005946100000,0x0000005946200000)]
  0x000001680581a800 JavaThread "Unconstrained build operations Thread 2" [_thread_blocked, id=12232, stack(0x0000005946200000,0x0000005946300000)]
  0x000001680581b000 JavaThread "Unconstrained build operations Thread 3" [_thread_blocked, id=10516, stack(0x0000005946300000,0x0000005946400000)]
  0x000001680581c000 JavaThread "Unconstrained build operations Thread 4" [_thread_blocked, id=9504, stack(0x0000005946400000,0x0000005946500000)]
  0x000001680797b800 JavaThread "Unconstrained build operations Thread 5" [_thread_blocked, id=12820, stack(0x0000005946500000,0x0000005946600000)]
  0x000001680797c800 JavaThread "Unconstrained build operations Thread 6" [_thread_blocked, id=13300, stack(0x0000005946600000,0x0000005946700000)]
  0x000001680797d800 JavaThread "Unconstrained build operations Thread 7" [_thread_blocked, id=12724, stack(0x0000005946700000,0x0000005946800000)]
  0x000001680797e000 JavaThread "Unconstrained build operations Thread 8" [_thread_in_native, id=5180, stack(0x0000005946800000,0x0000005946900000)]
  0x000001680797b000 JavaThread "Unconstrained build operations Thread 9" [_thread_in_native, id=8392, stack(0x0000005946900000,0x0000005946a00000)]
  0x000001680797f800 JavaThread "Unconstrained build operations Thread 10" [_thread_blocked, id=5488, stack(0x0000005946a00000,0x0000005946b00000)]
  0x0000016807983000 JavaThread "Unconstrained build operations Thread 11" [_thread_blocked, id=4708, stack(0x0000005946b00000,0x0000005946c00000)]
  0x0000016807980800 JavaThread "Unconstrained build operations Thread 12" [_thread_blocked, id=12448, stack(0x0000005946c00000,0x0000005946d00000)]
  0x0000016807982000 JavaThread "Unconstrained build operations Thread 13" [_thread_blocked, id=2508, stack(0x0000005946d00000,0x0000005946e00000)]
  0x0000016807981800 JavaThread "Unconstrained build operations Thread 14" [_thread_blocked, id=9412, stack(0x0000005946e00000,0x0000005946f00000)]
  0x0000016807984000 JavaThread "Unconstrained build operations Thread 15" [_thread_blocked, id=11204, stack(0x0000005946f00000,0x0000005947000000)]
  0x0000016807984800 JavaThread "Unconstrained build operations Thread 16" [_thread_blocked, id=3612, stack(0x0000005947000000,0x0000005947100000)]
  0x000001680797f000 JavaThread "Unconstrained build operations Thread 17" [_thread_blocked, id=8328, stack(0x0000005947100000,0x0000005947200000)]
  0x0000016807988000 JavaThread "Unconstrained build operations Thread 18" [_thread_in_native, id=3984, stack(0x0000005947200000,0x0000005947300000)]
  0x0000016807985800 JavaThread "Unconstrained build operations Thread 19" [_thread_blocked, id=8824, stack(0x0000005947300000,0x0000005947400000)]
  0x0000016807986000 JavaThread "Unconstrained build operations Thread 20" [_thread_blocked, id=5972, stack(0x0000005947400000,0x0000005947500000)]
  0x0000016807988800 JavaThread "Unconstrained build operations Thread 21" [_thread_blocked, id=9640, stack(0x0000005947500000,0x0000005947600000)]
  0x0000016807987000 JavaThread "Unconstrained build operations Thread 22" [_thread_blocked, id=9528, stack(0x0000005947600000,0x0000005947700000)]
  0x0000016807989800 JavaThread "Unconstrained build operations Thread 23" [_thread_in_native, id=12228, stack(0x0000005947700000,0x0000005947800000)]
  0x0000016808ae3800 JavaThread "Unconstrained build operations Thread 24" [_thread_blocked, id=1888, stack(0x0000005947800000,0x0000005947900000)]
  0x0000016808ae7000 JavaThread "Unconstrained build operations Thread 25" [_thread_blocked, id=10544, stack(0x0000005947900000,0x0000005947a00000)]
  0x0000016808ae3000 JavaThread "Unconstrained build operations Thread 26" [_thread_blocked, id=11452, stack(0x0000005947a00000,0x0000005947b00000)]
  0x0000016808ae8800 JavaThread "Unconstrained build operations Thread 27" [_thread_blocked, id=284, stack(0x0000005947b00000,0x0000005947c00000)]
  0x0000016808ae7800 JavaThread "Unconstrained build operations Thread 28" [_thread_blocked, id=12772, stack(0x0000005947c00000,0x0000005947d00000)]
  0x0000016808ae9800 JavaThread "Unconstrained build operations Thread 29" [_thread_blocked, id=13088, stack(0x0000005947d00000,0x0000005947e00000)]
  0x0000016808ae6000 JavaThread "Unconstrained build operations Thread 30" [_thread_blocked, id=9472, stack(0x0000005947e00000,0x0000005947f00000)]
  0x0000016808ae4800 JavaThread "Unconstrained build operations Thread 31" [_thread_blocked, id=11516, stack(0x0000005947f00000,0x0000005948000000)]
  0x0000016808aea000 JavaThread "Unconstrained build operations Thread 32" [_thread_blocked, id=6564, stack(0x0000005948000000,0x0000005948100000)]
  0x0000016808aeb000 JavaThread "Unconstrained build operations Thread 33" [_thread_blocked, id=9088, stack(0x0000005948100000,0x0000005948200000)]
  0x0000016808ae5000 JavaThread "Unconstrained build operations Thread 34" [_thread_blocked, id=4280, stack(0x0000005948200000,0x0000005948300000)]
  0x0000016808aed800 JavaThread "Unconstrained build operations Thread 35" [_thread_blocked, id=7344, stack(0x0000005948300000,0x0000005948400000)]
  0x0000016808af0000 JavaThread "Unconstrained build operations Thread 36" [_thread_blocked, id=9820, stack(0x0000005948400000,0x0000005948500000)]
  0x0000016808aee000 JavaThread "Unconstrained build operations Thread 37" [_thread_blocked, id=10020, stack(0x0000005948500000,0x0000005948600000)]
  0x0000016808aeb800 JavaThread "Unconstrained build operations Thread 38" [_thread_blocked, id=12364, stack(0x0000005948600000,0x0000005948700000)]
  0x0000016808aef000 JavaThread "Unconstrained build operations Thread 39" [_thread_blocked, id=9400, stack(0x0000005948700000,0x0000005948800000)]
  0x0000016808af0800 JavaThread "Unconstrained build operations Thread 40" [_thread_blocked, id=11660, stack(0x0000005948800000,0x0000005948900000)]
  0x0000016808af1800 JavaThread "Unconstrained build operations Thread 41" [_thread_blocked, id=10228, stack(0x0000005948900000,0x0000005948a00000)]
  0x0000016808aec800 JavaThread "Unconstrained build operations Thread 42" [_thread_blocked, id=2620, stack(0x0000005948a00000,0x0000005948b00000)]
  0x0000016807ecf800 JavaThread "Unconstrained build operations Thread 43" [_thread_blocked, id=6864, stack(0x0000005948b00000,0x0000005948c00000)]
  0x0000016807ecd800 JavaThread "Unconstrained build operations Thread 44" [_thread_blocked, id=732, stack(0x0000005948c00000,0x0000005948d00000)]
  0x0000016807ecf000 JavaThread "Unconstrained build operations Thread 45" [_thread_blocked, id=7208, stack(0x0000005948d00000,0x0000005948e00000)]
  0x0000016807ed0800 JavaThread "Unconstrained build operations Thread 46" [_thread_blocked, id=11840, stack(0x0000005948e00000,0x0000005948f00000)]
  0x0000016807ed2000 JavaThread "Unconstrained build operations Thread 47" [_thread_blocked, id=2020, stack(0x0000005948f00000,0x0000005949000000)]
  0x0000016807ed1800 JavaThread "Unconstrained build operations Thread 48" [_thread_blocked, id=12828, stack(0x0000005949000000,0x0000005949100000)]
  0x0000016807ed3000 JavaThread "Unconstrained build operations Thread 49" [_thread_blocked, id=12076, stack(0x0000005949100000,0x0000005949200000)]
  0x0000016807ed4000 JavaThread "Unconstrained build operations Thread 50" [_thread_blocked, id=6264, stack(0x0000005949200000,0x0000005949300000)]
  0x0000016807ece000 JavaThread "Unconstrained build operations Thread 51" [_thread_blocked, id=5392, stack(0x0000005949300000,0x0000005949400000)]
  0x0000016807ed7000 JavaThread "Unconstrained build operations Thread 52" [_thread_blocked, id=6836, stack(0x0000005949400000,0x0000005949500000)]
  0x0000016807ed8000 JavaThread "Unconstrained build operations Thread 53" [_thread_blocked, id=9560, stack(0x0000005949500000,0x0000005949600000)]
  0x0000016807eda800 JavaThread "Unconstrained build operations Thread 54" [_thread_blocked, id=7256, stack(0x0000005949600000,0x0000005949700000)]
  0x0000016807ed5800 JavaThread "Unconstrained build operations Thread 55" [_thread_blocked, id=4804, stack(0x0000005949700000,0x0000005949800000)]
  0x0000016807ed4800 JavaThread "Unconstrained build operations Thread 56" [_thread_blocked, id=6192, stack(0x0000005949800000,0x0000005949900000)]
  0x0000016807edb000 JavaThread "Unconstrained build operations Thread 57" [_thread_blocked, id=1976, stack(0x0000005949900000,0x0000005949a00000)]
  0x0000016807ed8800 JavaThread "Unconstrained build operations Thread 58" [_thread_blocked, id=9540, stack(0x0000005949a00000,0x0000005949b00000)]
  0x0000016807ed6000 JavaThread "Unconstrained build operations Thread 59" [_thread_blocked, id=10472, stack(0x0000005949b00000,0x0000005949c00000)]
  0x0000016807ed9800 JavaThread "Unconstrained build operations Thread 60" [_thread_blocked, id=8528, stack(0x0000005949c00000,0x0000005949d00000)]
  0x0000016807edc000 JavaThread "Unconstrained build operations Thread 61" [_thread_blocked, id=11964, stack(0x0000005949d00000,0x0000005949e00000)]
  0x0000016808e64000 JavaThread "Unconstrained build operations Thread 62" [_thread_blocked, id=6072, stack(0x0000005949e00000,0x0000005949f00000)]
  0x0000016808e67000 JavaThread "Unconstrained build operations Thread 63" [_thread_blocked, id=6052, stack(0x0000005949f00000,0x000000594a000000)]
  0x0000016808e63000 JavaThread "Unconstrained build operations Thread 64" [_thread_blocked, id=2112, stack(0x000000594a000000,0x000000594a100000)]
  0x0000016808e6a800 JavaThread "Unconstrained build operations Thread 65" [_thread_blocked, id=3892, stack(0x000000594a100000,0x000000594a200000)]
  0x0000016808e65800 JavaThread "Unconstrained build operations Thread 66" [_thread_blocked, id=4272, stack(0x000000594a200000,0x000000594a300000)]
  0x0000016808e65000 JavaThread "Unconstrained build operations Thread 67" [_thread_in_native, id=7184, stack(0x000000594a300000,0x000000594a400000)]
  0x0000016808e68000 JavaThread "Unconstrained build operations Thread 68" [_thread_in_vm, id=13000, stack(0x000000594a400000,0x000000594a500000)]
  0x0000016808e66800 JavaThread "Unconstrained build operations Thread 69" [_thread_in_native, id=4560, stack(0x000000594a500000,0x000000594a600000)]
  0x0000016808e69000 JavaThread "Unconstrained build operations Thread 70" [_thread_blocked, id=10720, stack(0x000000594a600000,0x000000594a700000)]
  0x0000016808e6d000 JavaThread "Unconstrained build operations Thread 71" [_thread_blocked, id=11772, stack(0x000000594a700000,0x000000594a800000)]
  0x0000016808e6f800 JavaThread "Unconstrained build operations Thread 72" [_thread_blocked, id=7240, stack(0x000000594a800000,0x000000594a900000)]
  0x0000016808e6e000 JavaThread "Unconstrained build operations Thread 73" [_thread_blocked, id=9388, stack(0x000000594a900000,0x000000594aa00000)]
  0x0000016808e69800 JavaThread "Unconstrained build operations Thread 74" [_thread_blocked, id=2120, stack(0x000000594aa00000,0x000000594ab00000)]
  0x0000016808e6e800 JavaThread "Unconstrained build operations Thread 75" [_thread_blocked, id=5508, stack(0x000000594ab00000,0x000000594ac00000)]
  0x0000016808e70000 JavaThread "Unconstrained build operations Thread 76" [_thread_blocked, id=12728, stack(0x000000594ac00000,0x000000594ad00000)]
  0x0000016808e71000 JavaThread "Unconstrained build operations Thread 77" [_thread_blocked, id=712, stack(0x000000594ad00000,0x000000594ae00000)]
  0x0000016808e6b800 JavaThread "Unconstrained build operations Thread 78" [_thread_blocked, id=9476, stack(0x000000594ae00000,0x000000594af00000)]
  0x0000016808e72000 JavaThread "Unconstrained build operations Thread 79" [_thread_blocked, id=5460, stack(0x000000594af00000,0x000000594b000000)]
  0x0000016808e6c000 JavaThread "Unconstrained build operations Thread 80" [_thread_blocked, id=2184, stack(0x000000594b000000,0x000000594b100000)]
  0x00000168088f6800 JavaThread "Memory manager" [_thread_blocked, id=10076, stack(0x000000594b200000,0x000000594b300000)]
  0x00000168088f3000 JavaThread "Cache worker for execution history cache (C:\Users\Turonbank\AndroidStudioProjects\IntroPageJava2\.gradle\7.3.3\executionHistory)" [_thread_blocked, id=10400, stack(0x000000594ba00000,0x000000594bb00000)]
  0x00000168088f7000 JavaThread "C2 CompilerThread1" daemon [_thread_in_native, id=6768, stack(0x000000594b100000,0x000000594b200000)]

Other Threads:
  0x00000168025ff800 VMThread "VM Thread" [stack: 0x0000005942f00000,0x0000005943000000] [id=8564]
  0x000001680313d800 WatcherThread [stack: 0x0000005943900000,0x0000005943a00000] [id=9648]
  0x00000168661a3800 GCTaskThread "GC Thread#0" [stack: 0x0000005942a00000,0x0000005942b00000] [id=5704]
  0x0000016803bda800 GCTaskThread "GC Thread#1" [stack: 0x0000005943a00000,0x0000005943b00000] [id=12780]
  0x0000016803e79800 GCTaskThread "GC Thread#2" [stack: 0x0000005943b00000,0x0000005943c00000] [id=9740]
  0x00000168041e9800 GCTaskThread "GC Thread#3" [stack: 0x0000005944600000,0x0000005944700000] [id=10744]
  0x0000016805004000 GCTaskThread "GC Thread#4" [stack: 0x0000005944700000,0x0000005944800000] [id=3456]
  0x000001680541b000 GCTaskThread "GC Thread#5" [stack: 0x0000005944800000,0x0000005944900000] [id=2828]
  0x0000016804b19000 GCTaskThread "GC Thread#6" [stack: 0x0000005944900000,0x0000005944a00000] [id=12744]
  0x0000016804fc0800 GCTaskThread "GC Thread#7" [stack: 0x0000005944a00000,0x0000005944b00000] [id=9780]
  0x00000168661d7800 ConcurrentGCThread "G1 Main Marker" [stack: 0x0000005942b00000,0x0000005942c00000] [id=7892]
  0x00000168661d9000 ConcurrentGCThread "G1 Conc#0" [stack: 0x0000005942c00000,0x0000005942d00000] [id=4252]
  0x0000016805568000 ConcurrentGCThread "G1 Conc#1" [stack: 0x0000005944d00000,0x0000005944e00000] [id=7504]
  0x0000016802450800 ConcurrentGCThread "G1 Refine#0" [stack: 0x0000005942d00000,0x0000005942e00000] [id=1196]
  0x0000016802451800 ConcurrentGCThread "G1 Young RemSet Sampling" [stack: 0x0000005942e00000,0x0000005942f00000] [id=12680]

Threads with active compile tasks:
C2 CompilerThread0  28915 10387       4       org.gradle.cache.internal.btree.FreeListBlockStore::read (12 bytes)
C1 CompilerThread0  28915 10511       3       org.gradle.internal.vfs.impl.DefaultFileSystemAccess$$Lambda$199/0x00000001003a9840::get$Lambda (12 bytes)
C2 CompilerThread1  28915 10503       4       org.gradle.cache.internal.btree.CachingBlockStore::read (56 bytes)

VM state:not at safepoint (normal execution)

VM Mutex/Monitor currently owned by a thread: None

Heap address: 0x0000000080000000, size: 2048 MB, Compressed Oops mode: 32-bit
Narrow klass base: 0x0000000000000000, Narrow klass shift: 3
Compressed class space size: 1073741824 Address: 0x0000000100000000

Heap:
 garbage-first heap   total 157696K, used 114447K [0x0000000080000000, 0x0000000100000000)
  region size 1024K, 10 young (10240K), 3 survivors (3072K)
 Metaspace       used 95758K, capacity 98224K, committed 98508K, reserved 1134592K
  class space    used 12474K, capacity 13397K, committed 13516K, reserved 1048576K
Heap Regions: E=young(eden), S=young(survivor), O=old, HS=humongous(starts), HC=humongous(continues), CS=collection set, F=free, A=archive, TAMS=top-at-mark-start (previous, next)
|   0|0x0000000080000000, 0x0000000080100000, 0x0000000080100000|100%| O|  |TAMS 0x0000000080100000, 0x0000000080000000| Updating 
|   1|0x0000000080100000, 0x0000000080200000, 0x0000000080200000|100%| O|  |TAMS 0x0000000080200000, 0x0000000080100000| Updating 
|   2|0x0000000080200000, 0x0000000080300000, 0x0000000080300000|100%| O|  |TAMS 0x0000000080300000, 0x0000000080200000| Updating 
|   3|0x0000000080300000, 0x0000000080400000, 0x0000000080400000|100%|HS|  |TAMS 0x0000000080400000, 0x0000000080300000| Complete 
|   4|0x0000000080400000, 0x0000000080500000, 0x0000000080500000|100%|HC|  |TAMS 0x0000000080500000, 0x0000000080400000| Complete 
|   5|0x0000000080500000, 0x0000000080600000, 0x0000000080600000|100%|HC|  |TAMS 0x0000000080600000, 0x0000000080500000| Complete 
|   6|0x0000000080600000, 0x0000000080700000, 0x0000000080700000|100%| O|  |TAMS 0x0000000080700000, 0x0000000080600000| Updating 
|   7|0x0000000080700000, 0x0000000080800000, 0x0000000080800000|100%| O|  |TAMS 0x0000000080800000, 0x0000000080700000| Updating 
|   8|0x0000000080800000, 0x0000000080900000, 0x0000000080900000|100%| O|  |TAMS 0x0000000080900000, 0x0000000080800000| Updating 
|   9|0x0000000080900000, 0x0000000080a00000, 0x0000000080a00000|100%| O|  |TAMS 0x0000000080a00000, 0x0000000080900000| Updating 
|  10|0x0000000080a00000, 0x0000000080b00000, 0x0000000080b00000|100%| O|  |TAMS 0x0000000080b00000, 0x0000000080a00000| Updating 
|  11|0x0000000080b00000, 0x0000000080c00000, 0x0000000080c00000|100%| O|  |TAMS 0x0000000080c00000, 0x0000000080b00000| Updating 
|  12|0x0000000080c00000, 0x0000000080d00000, 0x0000000080d00000|100%| O|  |TAMS 0x0000000080d00000, 0x0000000080c00000| Updating 
|  13|0x0000000080d00000, 0x0000000080e00000, 0x0000000080e00000|100%| O|  |TAMS 0x0000000080e00000, 0x0000000080d00000| Updating 
|  14|0x0000000080e00000, 0x0000000080f00000, 0x0000000080f00000|100%| O|  |TAMS 0x0000000080f00000, 0x0000000080e00000| Updating 
|  15|0x0000000080f00000, 0x0000000081000000, 0x0000000081000000|100%| O|  |TAMS 0x0000000081000000, 0x0000000080f00000| Updating 
|  16|0x0000000081000000, 0x0000000081100000, 0x0000000081100000|100%|HS|  |TAMS 0x0000000081100000, 0x0000000081000000| Complete 
|  17|0x0000000081100000, 0x0000000081200000, 0x0000000081200000|100%|HC|  |TAMS 0x0000000081200000, 0x0000000081100000| Complete 
|  18|0x0000000081200000, 0x0000000081300000, 0x0000000081300000|100%|HS|  |TAMS 0x0000000081300000, 0x0000000081200000| Complete 
|  19|0x0000000081300000, 0x0000000081400000, 0x0000000081400000|100%|HC|  |TAMS 0x0000000081400000, 0x0000000081300000| Complete 
|  20|0x0000000081400000, 0x0000000081500000, 0x0000000081500000|100%|HC|  |TAMS 0x0000000081500000, 0x0000000081400000| Complete 
|  21|0x0000000081500000, 0x0000000081600000, 0x0000000081600000|100%|HS|  |TAMS 0x0000000081600000, 0x0000000081500000| Complete 
|  22|0x0000000081600000, 0x0000000081700000, 0x0000000081700000|100%|HS|  |TAMS 0x0000000081700000, 0x0000000081600000| Complete 
|  23|0x0000000081700000, 0x0000000081800000, 0x0000000081800000|100%|HC|  |TAMS 0x0000000081800000, 0x0000000081700000| Complete 
|  24|0x0000000081800000, 0x0000000081900000, 0x0000000081900000|100%|HC|  |TAMS 0x0000000081900000, 0x0000000081800000| Complete 
|  25|0x0000000081900000, 0x0000000081a00000, 0x0000000081a00000|100%|HC|  |TAMS 0x0000000081a00000, 0x0000000081900000| Complete 
|  26|0x0000000081a00000, 0x0000000081b00000, 0x0000000081b00000|100%| O|  |TAMS 0x0000000081b00000, 0x0000000081a00000| Updating 
|  27|0x0000000081b00000, 0x0000000081c00000, 0x0000000081c00000|100%| O|  |TAMS 0x0000000081c00000, 0x0000000081b00000| Updating 
|  28|0x0000000081c00000, 0x0000000081d00000, 0x0000000081d00000|100%| O|  |TAMS 0x0000000081d00000, 0x0000000081c00000| Updating 
|  29|0x0000000081d00000, 0x0000000081e00000, 0x0000000081e00000|100%| O|  |TAMS 0x0000000081e00000, 0x0000000081d00000| Updating 
|  30|0x0000000081e00000, 0x0000000081f00000, 0x0000000081f00000|100%| O|  |TAMS 0x0000000081f00000, 0x0000000081e00000| Updating 
|  31|0x0000000081f00000, 0x0000000082000000, 0x0000000082000000|100%| O|  |TAMS 0x0000000082000000, 0x0000000081f00000| Updating 
|  32|0x0000000082000000, 0x0000000082100000, 0x0000000082100000|100%| O|  |TAMS 0x0000000082100000, 0x0000000082000000| Updating 
|  33|0x0000000082100000, 0x0000000082200000, 0x0000000082200000|100%| O|  |TAMS 0x0000000082200000, 0x0000000082100000| Updating 
|  34|0x0000000082200000, 0x0000000082300000, 0x0000000082300000|100%|HS|  |TAMS 0x0000000082300000, 0x0000000082200000| Complete 
|  35|0x0000000082300000, 0x0000000082400000, 0x0000000082400000|100%|HS|  |TAMS 0x0000000082400000, 0x0000000082300000| Complete 
|  36|0x0000000082400000, 0x0000000082500000, 0x0000000082500000|100%|HC|  |TAMS 0x0000000082500000, 0x0000000082400000| Complete 
|  37|0x0000000082500000, 0x0000000082600000, 0x0000000082600000|100%|HC|  |TAMS 0x0000000082600000, 0x0000000082500000| Complete 
|  38|0x0000000082600000, 0x0000000082700000, 0x0000000082700000|100%| O|  |TAMS 0x0000000082700000, 0x0000000082600000| Updating 
|  39|0x0000000082700000, 0x0000000082800000, 0x0000000082800000|100%| O|  |TAMS 0x0000000082800000, 0x0000000082700000| Updating 
|  40|0x0000000082800000, 0x0000000082900000, 0x0000000082900000|100%| O|  |TAMS 0x0000000082900000, 0x0000000082800000| Updating 
|  41|0x0000000082900000, 0x0000000082a00000, 0x0000000082a00000|100%| O|  |TAMS 0x0000000082a00000, 0x0000000082900000| Updating 
|  42|0x0000000082a00000, 0x0000000082b00000, 0x0000000082b00000|100%| O|  |TAMS 0x0000000082b00000, 0x0000000082a00000| Updating 
|  43|0x0000000082b00000, 0x0000000082c00000, 0x0000000082c00000|100%| O|  |TAMS 0x0000000082c00000, 0x0000000082b00000| Updating 
|  44|0x0000000082c00000, 0x0000000082d00000, 0x0000000082d00000|100%| O|  |TAMS 0x0000000082d00000, 0x0000000082c00000| Updating 
|  45|0x0000000082d00000, 0x0000000082e00000, 0x0000000082e00000|100%|HS|  |TAMS 0x0000000082e00000, 0x0000000082d00000| Complete 
|  46|0x0000000082e00000, 0x0000000082f00000, 0x0000000082f00000|100%|HC|  |TAMS 0x0000000082f00000, 0x0000000082e00000| Complete 
|  47|0x0000000082f00000, 0x0000000083000000, 0x0000000083000000|100%|HC|  |TAMS 0x0000000083000000, 0x0000000082f00000| Complete 
|  48|0x0000000083000000, 0x0000000083100000, 0x0000000083100000|100%|HC|  |TAMS 0x0000000083100000, 0x0000000083000000| Complete 
|  49|0x0000000083100000, 0x0000000083200000, 0x0000000083200000|100%| O|  |TAMS 0x0000000083200000, 0x0000000083100000| Updating 
|  50|0x0000000083200000, 0x0000000083300000, 0x0000000083300000|100%| O|  |TAMS 0x0000000083300000, 0x0000000083200000| Updating 
|  51|0x0000000083300000, 0x0000000083400000, 0x0000000083400000|100%|HS|  |TAMS 0x0000000083400000, 0x0000000083300000| Complete 
|  52|0x0000000083400000, 0x0000000083500000, 0x0000000083500000|100%|HS|  |TAMS 0x0000000083500000, 0x0000000083400000| Complete 
|  53|0x0000000083500000, 0x0000000083600000, 0x0000000083600000|100%|HS|  |TAMS 0x0000000083600000, 0x0000000083500000| Complete 
|  54|0x0000000083600000, 0x0000000083700000, 0x0000000083700000|100%|HC|  |TAMS 0x0000000083700000, 0x0000000083600000| Complete 
|  55|0x0000000083700000, 0x0000000083800000, 0x0000000083800000|100%| O|  |TAMS 0x0000000083800000, 0x0000000083700000| Updating 
|  56|0x0000000083800000, 0x0000000083900000, 0x0000000083900000|100%| O|  |TAMS 0x0000000083900000, 0x0000000083800000| Updating 
|  57|0x0000000083900000, 0x0000000083a00000, 0x0000000083a00000|100%| O|  |TAMS 0x0000000083a00000, 0x0000000083900000| Updating 
|  58|0x0000000083a00000, 0x0000000083b00000, 0x0000000083b00000|100%| O|  |TAMS 0x0000000083b00000, 0x0000000083a00000| Updating 
|  59|0x0000000083b00000, 0x0000000083c00000, 0x0000000083c00000|100%| O|  |TAMS 0x0000000083c00000, 0x0000000083b00000| Updating 
|  60|0x0000000083c00000, 0x0000000083d00000, 0x0000000083d00000|100%| O|  |TAMS 0x0000000083d00000, 0x0000000083c00000| Updating 
|  61|0x0000000083d00000, 0x0000000083e00000, 0x0000000083e00000|100%| O|  |TAMS 0x0000000083e00000, 0x0000000083d00000| Updating 
|  62|0x0000000083e00000, 0x0000000083f00000, 0x0000000083f00000|100%| O|  |TAMS 0x0000000083f00000, 0x0000000083e00000| Updating 
|  63|0x0000000083f00000, 0x0000000084000000, 0x0000000084000000|100%| O|  |TAMS 0x0000000084000000, 0x0000000083f00000| Updating 
|  64|0x0000000084000000, 0x0000000084100000, 0x0000000084100000|100%| O|  |TAMS 0x0000000084100000, 0x0000000084000000| Updating 
|  65|0x0000000084100000, 0x0000000084200000, 0x0000000084200000|100%| O|  |TAMS 0x0000000084200000, 0x0000000084100000| Updating 
|  66|0x0000000084200000, 0x0000000084300000, 0x0000000084300000|100%| O|  |TAMS 0x0000000084300000, 0x0000000084200000| Updating 
|  67|0x0000000084300000, 0x0000000084400000, 0x0000000084400000|100%| O|  |TAMS 0x0000000084400000, 0x0000000084300000| Updating 
|  68|0x0000000084400000, 0x0000000084500000, 0x0000000084500000|100%| O|  |TAMS 0x0000000084500000, 0x0000000084400000| Updating 
|  69|0x0000000084500000, 0x0000000084600000, 0x0000000084600000|100%| O|  |TAMS 0x0000000084600000, 0x0000000084500000| Updating 
|  70|0x0000000084600000, 0x0000000084700000, 0x0000000084700000|100%| O|  |TAMS 0x0000000084700000, 0x0000000084600000| Updating 
|  71|0x0000000084700000, 0x0000000084800000, 0x0000000084800000|100%| O|  |TAMS 0x0000000084800000, 0x0000000084700000| Updating 
|  72|0x0000000084800000, 0x0000000084900000, 0x0000000084900000|100%| O|  |TAMS 0x0000000084900000, 0x0000000084800000| Updating 
|  73|0x0000000084900000, 0x0000000084a00000, 0x0000000084a00000|100%| O|  |TAMS 0x0000000084a00000, 0x0000000084900000| Updating 
|  74|0x0000000084a00000, 0x0000000084b00000, 0x0000000084b00000|100%| O|  |TAMS 0x0000000084b00000, 0x0000000084a00000| Updating 
|  75|0x0000000084b00000, 0x0000000084c00000, 0x0000000084c00000|100%| O|  |TAMS 0x0000000084c00000, 0x0000000084b00000| Updating 
|  76|0x0000000084c00000, 0x0000000084d00000, 0x0000000084d00000|100%| O|  |TAMS 0x0000000084d00000, 0x0000000084c00000| Updating 
|  77|0x0000000084d00000, 0x0000000084e00000, 0x0000000084e00000|100%| O|  |TAMS 0x0000000084e00000, 0x0000000084d00000| Updating 
|  78|0x0000000084e00000, 0x0000000084f00000, 0x0000000084f00000|100%| O|  |TAMS 0x0000000084f00000, 0x0000000084e00000| Updating 
|  79|0x0000000084f00000, 0x0000000085000000, 0x0000000085000000|100%| O|  |TAMS 0x0000000085000000, 0x0000000084f00000| Updating 
|  80|0x0000000085000000, 0x0000000085100000, 0x0000000085100000|100%| O|  |TAMS 0x0000000085100000, 0x0000000085000000| Updating 
|  81|0x0000000085100000, 0x0000000085200000, 0x0000000085200000|100%|HS|  |TAMS 0x0000000085200000, 0x0000000085100000| Complete 
|  82|0x0000000085200000, 0x0000000085300000, 0x0000000085300000|100%|HC|  |TAMS 0x0000000085300000, 0x0000000085200000| Complete 
|  83|0x0000000085300000, 0x0000000085400000, 0x0000000085400000|100%|HS|  |TAMS 0x0000000085400000, 0x0000000085300000| Complete 
|  84|0x0000000085400000, 0x0000000085500000, 0x0000000085500000|100%|HC|  |TAMS 0x0000000085500000, 0x0000000085400000| Complete 
|  85|0x0000000085500000, 0x0000000085600000, 0x0000000085600000|100%|HC|  |TAMS 0x0000000085600000, 0x0000000085500000| Complete 
|  86|0x0000000085600000, 0x0000000085700000, 0x0000000085700000|100%|HS|  |TAMS 0x0000000085700000, 0x0000000085600000| Complete 
|  87|0x0000000085700000, 0x0000000085800000, 0x0000000085800000|100%|HS|  |TAMS 0x0000000085800000, 0x0000000085700000| Complete 
|  88|0x0000000085800000, 0x0000000085900000, 0x0000000085900000|100%|HC|  |TAMS 0x0000000085900000, 0x0000000085800000| Complete 
|  89|0x0000000085900000, 0x0000000085a00000, 0x0000000085a00000|100%|HC|  |TAMS 0x0000000085a00000, 0x0000000085900000| Complete 
|  90|0x0000000085a00000, 0x0000000085b00000, 0x0000000085b00000|100%|HC|  |TAMS 0x0000000085b00000, 0x0000000085a00000| Complete 
|  91|0x0000000085b00000, 0x0000000085c00000, 0x0000000085c00000|100%| O|  |TAMS 0x0000000085c00000, 0x0000000085b00000| Updating 
|  92|0x0000000085c00000, 0x0000000085d00000, 0x0000000085d00000|100%| O|  |TAMS 0x0000000085d00000, 0x0000000085c00000| Updating 
|  93|0x0000000085d00000, 0x0000000085e00000, 0x0000000085e00000|100%| O|  |TAMS 0x0000000085e00000, 0x0000000085d00000| Updating 
|  94|0x0000000085e00000, 0x0000000085f00000, 0x0000000085f00000|100%| O|  |TAMS 0x0000000085f00000, 0x0000000085e00000| Updating 
|  95|0x0000000085f00000, 0x0000000086000000, 0x0000000086000000|100%| O|  |TAMS 0x0000000086000000, 0x0000000085f00000| Updating 
|  96|0x0000000086000000, 0x0000000086100000, 0x0000000086100000|100%| O|  |TAMS 0x0000000086100000, 0x0000000086000000| Updating 
|  97|0x0000000086100000, 0x0000000086200000, 0x0000000086200000|100%| O|  |TAMS 0x0000000086200000, 0x0000000086100000| Updating 
|  98|0x0000000086200000, 0x0000000086300000, 0x0000000086300000|100%| O|  |TAMS 0x0000000086300000, 0x0000000086200000| Updating 
|  99|0x0000000086300000, 0x0000000086400000, 0x0000000086400000|100%| O|  |TAMS 0x0000000086400000, 0x0000000086300000| Updating 
| 100|0x0000000086400000, 0x0000000086500000, 0x0000000086500000|100%| O|  |TAMS 0x0000000086500000, 0x0000000086400000| Updating 
| 101|0x0000000086500000, 0x0000000086600000, 0x0000000086600000|100%| O|  |TAMS 0x0000000086600000, 0x0000000086500000| Updating 
| 102|0x0000000086600000, 0x0000000086700000, 0x0000000086700000|100%| O|  |TAMS 0x0000000086700000, 0x0000000086600000| Updating 
| 103|0x0000000086700000, 0x0000000086765400, 0x0000000086800000| 39%| O|  |TAMS 0x0000000086765400, 0x0000000086700000| Updating 
| 104|0x0000000086800000, 0x0000000086800000, 0x0000000086900000|  0%| F|  |TAMS 0x0000000086800000, 0x0000000086800000| Untracked 
| 105|0x0000000086900000, 0x0000000086900000, 0x0000000086a00000|  0%| F|  |TAMS 0x0000000086900000, 0x0000000086900000| Untracked 
| 106|0x0000000086a00000, 0x0000000086a00000, 0x0000000086b00000|  0%| F|  |TAMS 0x0000000086a00000, 0x0000000086a00000| Untracked 
| 107|0x0000000086b00000, 0x0000000086b00000, 0x0000000086c00000|  0%| F|  |TAMS 0x0000000086b00000, 0x0000000086b00000| Untracked 
| 108|0x0000000086c00000, 0x0000000086c00000, 0x0000000086d00000|  0%| F|  |TAMS 0x0000000086c00000, 0x0000000086c00000| Untracked 
| 109|0x0000000086d00000, 0x0000000086d00000, 0x0000000086e00000|  0%| F|  |TAMS 0x0000000086d00000, 0x0000000086d00000| Untracked 
| 110|0x0000000086e00000, 0x0000000086e00000, 0x0000000086f00000|  0%| F|  |TAMS 0x0000000086e00000, 0x0000000086e00000| Untracked 
| 111|0x0000000086f00000, 0x0000000086f00000, 0x0000000087000000|  0%| F|  |TAMS 0x0000000086f00000, 0x0000000086f00000| Untracked 
| 112|0x0000000087000000, 0x0000000087000000, 0x0000000087100000|  0%| F|  |TAMS 0x0000000087000000, 0x0000000087000000| Untracked 
| 113|0x0000000087100000, 0x0000000087100000, 0x0000000087200000|  0%| F|  |TAMS 0x0000000087100000, 0x0000000087100000| Untracked 
| 114|0x0000000087200000, 0x0000000087200000, 0x0000000087300000|  0%| F|  |TAMS 0x0000000087200000, 0x0000000087200000| Untracked 
| 115|0x0000000087300000, 0x0000000087300000, 0x0000000087400000|  0%| F|  |TAMS 0x0000000087300000, 0x0000000087300000| Untracked 
| 116|0x0000000087400000, 0x0000000087400000, 0x0000000087500000|  0%| F|  |TAMS 0x0000000087400000, 0x0000000087400000| Untracked 
| 117|0x0000000087500000, 0x0000000087500000, 0x0000000087600000|  0%| F|  |TAMS 0x0000000087500000, 0x0000000087500000| Untracked 
| 118|0x0000000087600000, 0x0000000087600000, 0x0000000087700000|  0%| F|  |TAMS 0x0000000087600000, 0x0000000087600000| Untracked 
| 119|0x0000000087700000, 0x0000000087700000, 0x0000000087800000|  0%| F|  |TAMS 0x0000000087700000, 0x0000000087700000| Untracked 
| 120|0x0000000087800000, 0x0000000087800000, 0x0000000087900000|  0%| F|  |TAMS 0x0000000087800000, 0x0000000087800000| Untracked 
| 121|0x0000000087900000, 0x0000000087900000, 0x0000000087a00000|  0%| F|  |TAMS 0x0000000087900000, 0x0000000087900000| Untracked 
| 122|0x0000000087a00000, 0x0000000087a00000, 0x0000000087b00000|  0%| F|  |TAMS 0x0000000087a00000, 0x0000000087a00000| Untracked 
| 123|0x0000000087b00000, 0x0000000087b00000, 0x0000000087c00000|  0%| F|  |TAMS 0x0000000087b00000, 0x0000000087b00000| Untracked 
| 124|0x0000000087c00000, 0x0000000087c00000, 0x0000000087d00000|  0%| F|  |TAMS 0x0000000087c00000, 0x0000000087c00000| Untracked 
| 125|0x0000000087d00000, 0x0000000087d00000, 0x0000000087e00000|  0%| F|  |TAMS 0x0000000087d00000, 0x0000000087d00000| Untracked 
| 126|0x0000000087e00000, 0x0000000087e00000, 0x0000000087f00000|  0%| F|  |TAMS 0x0000000087e00000, 0x0000000087e00000| Untracked 
| 127|0x0000000087f00000, 0x0000000087f5eaa0, 0x0000000088000000| 36%| S|CS|TAMS 0x0000000087f00000, 0x0000000087f00000| Complete 
| 128|0x0000000088000000, 0x0000000088100000, 0x0000000088100000|100%| S|CS|TAMS 0x0000000088000000, 0x0000000088000000| Complete 
| 129|0x0000000088100000, 0x0000000088200000, 0x0000000088200000|100%| S|CS|TAMS 0x0000000088100000, 0x0000000088100000| Complete 
| 130|0x0000000088200000, 0x0000000088200000, 0x0000000088300000|  0%| F|  |TAMS 0x0000000088200000, 0x0000000088200000| Untracked 
| 131|0x0000000088300000, 0x0000000088300000, 0x0000000088400000|  0%| F|  |TAMS 0x0000000088300000, 0x0000000088300000| Untracked 
| 132|0x0000000088400000, 0x0000000088400000, 0x0000000088500000|  0%| F|  |TAMS 0x0000000088400000, 0x0000000088400000| Untracked 
| 133|0x0000000088500000, 0x0000000088500000, 0x0000000088600000|  0%| F|  |TAMS 0x0000000088500000, 0x0000000088500000| Untracked 
| 134|0x0000000088600000, 0x0000000088600000, 0x0000000088700000|  0%| F|  |TAMS 0x0000000088600000, 0x0000000088600000| Untracked 
| 135|0x0000000088700000, 0x0000000088700000, 0x0000000088800000|  0%| F|  |TAMS 0x0000000088700000, 0x0000000088700000| Untracked 
| 136|0x0000000088800000, 0x0000000088800000, 0x0000000088900000|  0%| F|  |TAMS 0x0000000088800000, 0x0000000088800000| Untracked 
| 137|0x0000000088900000, 0x0000000088900000, 0x0000000088a00000|  0%| F|  |TAMS 0x0000000088900000, 0x0000000088900000| Untracked 
| 138|0x0000000088a00000, 0x0000000088a00000, 0x0000000088b00000|  0%| F|  |TAMS 0x0000000088a00000, 0x0000000088a00000| Untracked 
| 139|0x0000000088b00000, 0x0000000088b00000, 0x0000000088c00000|  0%| F|  |TAMS 0x0000000088b00000, 0x0000000088b00000| Untracked 
| 140|0x0000000088c00000, 0x0000000088c00000, 0x0000000088d00000|  0%| F|  |TAMS 0x0000000088c00000, 0x0000000088c00000| Untracked 
| 141|0x0000000088d00000, 0x0000000088d00000, 0x0000000088e00000|  0%| F|  |TAMS 0x0000000088d00000, 0x0000000088d00000| Untracked 
| 142|0x0000000088e00000, 0x0000000088e00000, 0x0000000088f00000|  0%| F|  |TAMS 0x0000000088e00000, 0x0000000088e00000| Untracked 
| 143|0x0000000088f00000, 0x0000000088f00000, 0x0000000089000000|  0%| F|  |TAMS 0x0000000088f00000, 0x0000000088f00000| Untracked 
| 144|0x0000000089000000, 0x0000000089000000, 0x0000000089100000|  0%| F|  |TAMS 0x0000000089000000, 0x0000000089000000| Untracked 
| 145|0x0000000089100000, 0x0000000089100000, 0x0000000089200000|  0%| F|  |TAMS 0x0000000089100000, 0x0000000089100000| Untracked 
| 146|0x0000000089200000, 0x0000000089200000, 0x0000000089300000|  0%| F|  |TAMS 0x0000000089200000, 0x0000000089200000| Untracked 
| 147|0x0000000089300000, 0x000000008936b798, 0x0000000089400000| 41%| E|  |TAMS 0x0000000089300000, 0x0000000089300000| Complete 
| 148|0x0000000089400000, 0x0000000089500000, 0x0000000089500000|100%| E|CS|TAMS 0x0000000089400000, 0x0000000089400000| Complete 
| 149|0x0000000089500000, 0x0000000089600000, 0x0000000089600000|100%| E|CS|TAMS 0x0000000089500000, 0x0000000089500000| Complete 
| 150|0x0000000089600000, 0x0000000089700000, 0x0000000089700000|100%| E|CS|TAMS 0x0000000089600000, 0x0000000089600000| Complete 
| 151|0x0000000089700000, 0x0000000089800000, 0x0000000089800000|100%| E|CS|TAMS 0x0000000089700000, 0x0000000089700000| Complete 
| 152|0x0000000089800000, 0x0000000089900000, 0x0000000089900000|100%| E|CS|TAMS 0x0000000089800000, 0x0000000089800000| Complete 
| 153|0x0000000089900000, 0x0000000089a00000, 0x0000000089a00000|100%| E|CS|TAMS 0x0000000089900000, 0x0000000089900000| Complete 

Card table byte_map: [0x000001687b310000,0x000001687b710000] _byte_map_base: 0x000001687af10000

Marking Bits (Prev, Next): (CMBitMap*) 0x00000168661cdb38, (CMBitMap*) 0x00000168661cdb70
 Prev Bits: [0x000001687bb10000, 0x000001687db10000)
 Next Bits: [0x000001687db10000, 0x000001687fb10000)

Polling page: 0x0000016866270000

Metaspace:

Usage:
  Non-class:     82.84 MB capacity,    81.33 MB ( 98%) used,     1.25 MB (  2%) free+waste,   268.06 KB ( <1%) overhead. 
      Class:     13.08 MB capacity,    12.18 MB ( 93%) used,   798.20 KB (  6%) free+waste,   124.00 KB ( <1%) overhead. 
       Both:     95.92 MB capacity,    93.51 MB ( 97%) used,     2.02 MB (  2%) free+waste,   392.06 KB ( <1%) overhead. 

Virtual space:
  Non-class space:       84.00 MB reserved,      83.00 MB ( 99%) committed 
      Class space:        1.00 GB reserved,      13.20 MB (  1%) committed 
             Both:        1.08 GB reserved,      96.20 MB (  9%) committed 

Chunk freelists:
   Non-Class:  37.00 KB
       Class:  0 bytes
        Both:  37.00 KB

MaxMetaspaceSize: 17179869184.00 GB
CompressedClassSpaceSize: 1.00 GB
Initial GC threshold: 20.80 MB
Current GC threshold: 160.33 MB
CDS: off

CodeHeap 'non-profiled nmethods': size=120000Kb used=5902Kb max_used=5902Kb free=114097Kb
 bounds [0x0000016872f80000, 0x0000016873550000, 0x000001687a4b0000]
CodeHeap 'profiled nmethods': size=120000Kb used=21942Kb max_used=21942Kb free=98057Kb
 bounds [0x000001686ba50000, 0x000001686cfc0000, 0x0000016872f80000]
CodeHeap 'non-nmethods': size=5760Kb used=2411Kb max_used=2470Kb free=3348Kb
 bounds [0x000001686b4b0000, 0x000001686b720000, 0x000001686ba50000]
 total_blobs=11260 nmethods=10329 adapters=843
 compilation: enabled
              stopped_count=0, restarted_count=0
 full_count=0

Compilation events (20 events):
Event: 28.860 Thread 0x0000016802634800 10455       3       org.gradle.internal.snapshot.impl.DirectorySnapshotterStatistics$CollectingFileVisitor::visitFile (10 bytes)
Event: 28.860 Thread 0x0000016802634800 nmethod 10455 0x000001686cfa0790 code [0x000001686cfa0980, 0x000001686cfa0d88]
Event: 28.860 Thread 0x0000016802634800 10456       3       org.gradle.internal.snapshot.impl.DirectorySnapshotterStatistics$CollectingFileVisitor::visitFile (14 bytes)
Event: 28.860 Thread 0x0000016802634800 nmethod 10456 0x000001686cfa0f10 code [0x000001686cfa10e0, 0x000001686cfa1388]
Event: 28.860 Thread 0x0000016802634800 10457       3       org.gradle.internal.snapshot.impl.DirectorySnapshotter$PathVisitor::visitResolvedFile (52 bytes)
Event: 28.861 Thread 0x0000016802634800 nmethod 10457 0x000001686cfa1510 code [0x000001686cfa1740, 0x000001686cfa1db8]
Event: 28.861 Thread 0x0000016802634800 10459       3       org.gradle.internal.classloader.ClassLoaderSpec::<init> (5 bytes)
Event: 28.861 Thread 0x0000016802634800 nmethod 10459 0x000001686cfa2010 code [0x000001686cfa21c0, 0x000001686cfa2318]
Event: 28.861 Thread 0x0000016802634800 10460       3       java.util.ArrayDeque$DeqIterator::next (62 bytes)
Event: 28.862 Thread 0x0000016802634800 nmethod 10460 0x000001686cfa2410 code [0x000001686cfa2600, 0x000001686cfa2a58]
Event: 28.862 Thread 0x0000016802634800 10462       3       com.google.common.collect.ImmutableMultimap$1::<init> (39 bytes)
Event: 28.862 Thread 0x0000016802634800 nmethod 10462 0x000001686cfa2c90 code [0x000001686cfa2ea0, 0x000001686cfa33f8]
Event: 28.862 Thread 0x0000016802634800 10461       3       java.util.stream.ReferencePipeline$4$1::accept (23 bytes)
Event: 28.863 Thread 0x0000016802634800 nmethod 10461 0x000001686cfa3610 code [0x000001686cfa37e0, 0x000001686cfa3a78]
Event: 28.863 Thread 0x0000016802634800 10463       3       org.gradle.internal.snapshot.impl.DirectorySnapshotterStatistics$CollectingFileVisitor::postVisitDirectory (10 bytes)
Event: 28.863 Thread 0x0000016802634800 nmethod 10463 0x000001686cfa3b90 code [0x000001686cfa3d60, 0x000001686cfa4068]
Event: 28.863 Thread 0x0000016802634800 10464       3       org.gradle.internal.snapshot.impl.DirectorySnapshotterStatistics$CollectingFileVisitor::postVisitDirectory (7 bytes)
Event: 28.863 Thread 0x0000016802634800 nmethod 10464 0x000001686cfa4190 code [0x000001686cfa4340, 0x000001686cfa44e8]
Event: 28.863 Thread 0x0000016802634800 10465       3       org.gradle.internal.snapshot.MerkleDirectorySnapshotBuilder::access$100 (4 bytes)
Event: 28.863 Thread 0x0000016802634800 nmethod 10465 0x000001686cfa4590 code [0x000001686cfa4740, 0x000001686cfa4838]

GC Heap History (20 events):
Event: 24.115 GC heap before
{Heap before GC invocations=33 (full 0):
 garbage-first heap   total 131072K, used 112452K [0x0000000080000000, 0x0000000100000000)
  region size 1024K, 12 young (12288K), 2 survivors (2048K)
 Metaspace       used 84610K, capacity 86877K, committed 87244K, reserved 1124352K
  class space    used 10997K, capacity 11844K, committed 11980K, reserved 1048576K
}
Event: 24.118 GC heap after
{Heap after GC invocations=34 (full 0):
 garbage-first heap   total 131072K, used 101744K [0x0000000080000000, 0x0000000100000000)
  region size 1024K, 1 young (1024K), 1 survivors (1024K)
 Metaspace       used 84610K, capacity 86877K, committed 87244K, reserved 1124352K
  class space    used 10997K, capacity 11844K, committed 11980K, reserved 1048576K
}
Event: 24.443 GC heap before
{Heap before GC invocations=34 (full 0):
 garbage-first heap   total 131072K, used 113008K [0x0000000080000000, 0x0000000100000000)
  region size 1024K, 13 young (13312K), 1 survivors (1024K)
 Metaspace       used 86192K, capacity 88393K, committed 88652K, reserved 1126400K
  class space    used 11233K, capacity 12071K, committed 12108K, reserved 1048576K
}
Event: 24.446 GC heap after
{Heap after GC invocations=35 (full 0):
 garbage-first heap   total 131072K, used 102109K [0x0000000080000000, 0x0000000100000000)
  region size 1024K, 1 young (1024K), 1 survivors (1024K)
 Metaspace       used 86192K, capacity 88393K, committed 88652K, reserved 1126400K
  class space    used 11233K, capacity 12071K, committed 12108K, reserved 1048576K
}
Event: 24.783 GC heap before
{Heap before GC invocations=36 (full 0):
 garbage-first heap   total 131072K, used 114397K [0x0000000080000000, 0x0000000100000000)
  region size 1024K, 13 young (13312K), 1 survivors (1024K)
 Metaspace       used 87515K, capacity 89742K, committed 89932K, reserved 1126400K
  class space    used 11457K, capacity 12278K, committed 12364K, reserved 1048576K
}
Event: 24.786 GC heap after
{Heap after GC invocations=37 (full 0):
 garbage-first heap   total 131072K, used 102817K [0x0000000080000000, 0x0000000100000000)
  region size 1024K, 2 young (2048K), 2 survivors (2048K)
 Metaspace       used 87515K, capacity 89742K, committed 89932K, reserved 1126400K
  class space    used 11457K, capacity 12278K, committed 12364K, reserved 1048576K
}
Event: 25.206 GC heap before
{Heap before GC invocations=37 (full 0):
 garbage-first heap   total 131072K, used 114081K [0x0000000080000000, 0x0000000100000000)
  region size 1024K, 13 young (13312K), 2 survivors (2048K)
 Metaspace       used 89628K, capacity 91857K, committed 91980K, reserved 1128448K
  class space    used 11696K, capacity 12511K, committed 12620K, reserved 1048576K
}
Event: 25.211 GC heap after
{Heap after GC invocations=38 (full 0):
 garbage-first heap   total 131072K, used 103656K [0x0000000080000000, 0x0000000100000000)
  region size 1024K, 2 young (2048K), 2 survivors (2048K)
 Metaspace       used 89628K, capacity 91857K, committed 91980K, reserved 1128448K
  class space    used 11696K, capacity 12511K, committed 12620K, reserved 1048576K
}
Event: 25.488 GC heap before
{Heap before GC invocations=39 (full 0):
 garbage-first heap   total 131072K, used 112872K [0x0000000080000000, 0x0000000100000000)
  region size 1024K, 12 young (12288K), 2 survivors (2048K)
 Metaspace       used 90570K, capacity 92824K, committed 93132K, reserved 1130496K
  class space    used 11831K, capacity 12660K, committed 12748K, reserved 1048576K
}
Event: 25.493 GC heap after
{Heap after GC invocations=40 (full 0):
 garbage-first heap   total 131072K, used 104196K [0x0000000080000000, 0x0000000100000000)
  region size 1024K, 2 young (2048K), 2 survivors (2048K)
 Metaspace       used 90570K, capacity 92824K, committed 93132K, reserved 1130496K
  class space    used 11831K, capacity 12660K, committed 12748K, reserved 1048576K
}
Event: 25.753 GC heap before
{Heap before GC invocations=40 (full 0):
 garbage-first heap   total 131072K, used 113412K [0x0000000080000000, 0x0000000100000000)
  region size 1024K, 11 young (11264K), 2 survivors (2048K)
 Metaspace       used 91243K, capacity 93657K, committed 93772K, reserved 1130496K
  class space    used 11928K, capacity 12784K, committed 12876K, reserved 1048576K
}
Event: 25.757 GC heap after
{Heap after GC invocations=41 (full 0):
 garbage-first heap   total 131072K, used 104835K [0x0000000080000000, 0x0000000100000000)
  region size 1024K, 2 young (2048K), 2 survivors (2048K)
 Metaspace       used 91243K, capacity 93657K, committed 93772K, reserved 1130496K
  class space    used 11928K, capacity 12784K, committed 12876K, reserved 1048576K
}
Event: 26.084 GC heap before
{Heap before GC invocations=42 (full 0):
 garbage-first heap   total 131072K, used 114051K [0x0000000080000000, 0x0000000100000000)
  region size 1024K, 11 young (11264K), 2 survivors (2048K)
 Metaspace       used 91939K, capacity 94339K, committed 94540K, reserved 1130496K
  class space    used 12014K, capacity 12858K, committed 12876K, reserved 1048576K
}
Event: 26.089 GC heap after
{Heap after GC invocations=43 (full 0):
 garbage-first heap   total 131072K, used 105535K [0x0000000080000000, 0x0000000100000000)
  region size 1024K, 2 young (2048K), 2 survivors (2048K)
 Metaspace       used 91939K, capacity 94339K, committed 94540K, reserved 1130496K
  class space    used 12014K, capacity 12858K, committed 12876K, reserved 1048576K
}
Event: 26.556 GC heap before
{Heap before GC invocations=43 (full 0):
 garbage-first heap   total 131072K, used 114751K [0x0000000080000000, 0x0000000100000000)
  region size 1024K, 11 young (11264K), 2 survivors (2048K)
 Metaspace       used 93015K, capacity 95409K, committed 95564K, reserved 1132544K
  class space    used 12196K, capacity 13025K, committed 13132K, reserved 1048576K
}
Event: 26.560 GC heap after
{Heap after GC invocations=44 (full 0):
 garbage-first heap   total 157696K, used 105949K [0x0000000080000000, 0x0000000100000000)
  region size 1024K, 2 young (2048K), 2 survivors (2048K)
 Metaspace       used 93015K, capacity 95409K, committed 95564K, reserved 1132544K
  class space    used 12196K, capacity 13025K, committed 13132K, reserved 1048576K
}
Event: 27.249 GC heap before
{Heap before GC invocations=45 (full 0):
 garbage-first heap   total 157696K, used 125405K [0x0000000080000000, 0x0000000100000000)
  region size 1024K, 22 young (22528K), 2 survivors (2048K)
 Metaspace       used 95036K, capacity 97424K, committed 97612K, reserved 1134592K
  class space    used 12379K, capacity 13262K, committed 13388K, reserved 1048576K
}
Event: 27.254 GC heap after
{Heap after GC invocations=46 (full 0):
 garbage-first heap   total 157696K, used 107443K [0x0000000080000000, 0x0000000100000000)
  region size 1024K, 3 young (3072K), 3 survivors (3072K)
 Metaspace       used 95036K, capacity 97424K, committed 97612K, reserved 1134592K
  class space    used 12379K, capacity 13262K, committed 13388K, reserved 1048576K
}
Event: 28.751 GC heap before
{Heap before GC invocations=46 (full 0):
 garbage-first heap   total 157696K, used 127923K [0x0000000080000000, 0x0000000100000000)
  region size 1024K, 24 young (24576K), 3 survivors (3072K)
 Metaspace       used 95706K, capacity 98158K, committed 98508K, reserved 1134592K
  class space    used 12474K, capacity 13397K, committed 13516K, reserved 1048576K
}
Event: 28.764 GC heap after
{Heap after GC invocations=47 (full 0):
 garbage-first heap   total 157696K, used 108303K [0x0000000080000000, 0x0000000100000000)
  region size 1024K, 3 young (3072K), 3 survivors (3072K)
 Metaspace       used 95706K, capacity 98158K, committed 98508K, reserved 1134592K
  class space    used 12474K, capacity 13397K, committed 13516K, reserved 1048576K
}

Deoptimization events (20 events):
Event: 27.833 Thread 0x0000016807ece000 DEOPT PACKING pc=0x000001686cccc944 sp=0x00000059493fb5e0
Event: 27.833 Thread 0x0000016807ece000 DEOPT UNPACKING pc=0x000001686b4fa95e sp=0x00000059493fab80 mode 0
Event: 27.848 Thread 0x0000016805810000 Uncommon trap: trap_request=0xffffff4d fr.pc=0x0000016873243b88 relative=0x0000000000000228
Event: 27.848 Thread 0x0000016805810000 Uncommon trap: reason=unstable_if action=reinterpret pc=0x0000016873243b88 method=com.esotericsoftware.kryo.io.Output.writeString(Ljava/lang/CharSequence;)V @ 50 c2
Event: 27.848 Thread 0x0000016805810000 DEOPT PACKING pc=0x0000016873243b88 sp=0x0000005945dfda90
Event: 27.848 Thread 0x0000016805810000 DEOPT UNPACKING pc=0x000001686b4fa1af sp=0x0000005945dfda10 mode 2
Event: 28.004 Thread 0x000001680797e000 Uncommon trap: trap_request=0xffffff4d fr.pc=0x00000168730ee2a0 relative=0x0000000000000080
Event: 28.004 Thread 0x000001680797e000 Uncommon trap: reason=unstable_if action=reinterpret pc=0x00000168730ee2a0 method=java.util.LinkedHashMap.afterNodeInsertion(Z)V @ 18 c2
Event: 28.004 Thread 0x000001680797e000 DEOPT PACKING pc=0x00000168730ee2a0 sp=0x00000059468fb170
Event: 28.004 Thread 0x000001680797e000 DEOPT UNPACKING pc=0x000001686b4fa1af sp=0x00000059468fb0f0 mode 2
Event: 28.509 Thread 0x0000016805426000 DEOPT PACKING pc=0x000001686ceedf70 sp=0x0000005944efe6f0
Event: 28.509 Thread 0x0000016805426000 DEOPT UNPACKING pc=0x000001686b4fa95e sp=0x0000005944efdba8 mode 0
Event: 28.688 Thread 0x0000016805426000 DEOPT PACKING pc=0x000001686cf13bc6 sp=0x0000005944efe840
Event: 28.688 Thread 0x0000016805426000 DEOPT UNPACKING pc=0x000001686b4fa95e sp=0x0000005944efdce0 mode 0
Event: 28.722 Thread 0x0000016805810000 Uncommon trap: trap_request=0xffffff4d fr.pc=0x000001687324f7d8 relative=0x0000000000000398
Event: 28.723 Thread 0x0000016805810000 Uncommon trap: reason=unstable_if action=reinterpret pc=0x000001687324f7d8 method=java.io.BufferedOutputStream.write([BII)V @ 6 c2
Event: 28.723 Thread 0x0000016805810000 DEOPT PACKING pc=0x000001687324f7d8 sp=0x0000005945dfde00
Event: 28.723 Thread 0x0000016805810000 DEOPT UNPACKING pc=0x000001686b4fa1af sp=0x0000005945dfdd40 mode 2
Event: 28.749 Thread 0x0000016807983000 DEOPT PACKING pc=0x000001686cccc944 sp=0x0000005946bfd650
Event: 28.749 Thread 0x0000016807983000 DEOPT UNPACKING pc=0x000001686b4fa95e sp=0x0000005946bfcbf0 mode 0

Classes redefined (0 events):
No events

Internal exceptions (20 events):
Event: 24.013 Thread 0x00000168041c5800 Implicit null exception at 0x000001687340d64b to 0x00000168734150bc
Event: 24.286 Thread 0x00000168041c5800 Exception <a 'sun/nio/fs/WindowsException'{0x0000000087a35ec0}> (0x0000000087a35ec0) thrown at [./src/hotspot/share/prims/jni.cpp, line 615]
Event: 24.286 Thread 0x00000168041c5800 Exception <a 'sun/nio/fs/WindowsException'{0x0000000087a362c8}> (0x0000000087a362c8) thrown at [./src/hotspot/share/prims/jni.cpp, line 615]
Event: 24.510 Thread 0x00000168041c5800 Exception <a 'java/lang/NullPointerException'{0x0000000087d8ec10}> (0x0000000087d8ec10) thrown at [./src/hotspot/share/interpreter/linkResolver.cpp, line 1440]
Event: 24.978 Thread 0x00000168041c5800 Exception <a 'java/lang/NoSuchMethodError'{0x000000008792a688}: 'int java.lang.invoke.DirectMethodHandle$Holder.invokeStatic(java.lang.Object, java.lang.Object, int, java.lang.Object)'> (0x000000008792a688) thrown at [./src/hotspot/share/interpreter/linkResolver.cpp, line 773]
Event: 25.097 Thread 0x00000168041c5800 Exception <a 'sun/nio/fs/WindowsException'{0x000000008785c858}> (0x000000008785c858) thrown at [./src/hotspot/share/prims/jni.cpp, line 615]
Event: 25.097 Thread 0x00000168041c5800 Exception <a 'sun/nio/fs/WindowsException'{0x000000008785d938}> (0x000000008785d938) thrown at [./src/hotspot/share/prims/jni.cpp, line 615]
Event: 25.097 Thread 0x00000168041c5800 Exception <a 'sun/nio/fs/WindowsException'{0x000000008785ea68}> (0x000000008785ea68) thrown at [./src/hotspot/share/prims/jni.cpp, line 615]
Event: 25.097 Thread 0x00000168041c5800 Exception <a 'sun/nio/fs/WindowsException'{0x000000008785fb98}> (0x000000008785fb98) thrown at [./src/hotspot/share/prims/jni.cpp, line 615]
Event: 25.441 Thread 0x00000168041c5800 Exception <a 'java/lang/NoSuchMethodError'{0x00000000877934f8}: 'int java.lang.invoke.DirectMethodHandle$Holder.invokeSpecialIFC(java.lang.Object, java.lang.Object, java.lang.Object)'> (0x00000000877934f8) thrown at [./src/hotspot/share/interpreter/linkResolver.cpp, line 773]
Event: 25.544 Thread 0x00000168041c5800 Exception <a 'java/lang/NoSuchMethodError'{0x0000000087ea6dc0}: 'java.lang.Object java.lang.invoke.Invokers$Holder.linkToTargetMethod(java.lang.Object, java.lang.Object, java.lang.Object, int, java.lang.Object, java.lang.Object)'> (0x0000000087ea6dc0) thrown at [./src/hotspot/share/interpreter/linkResolver.cpp, line 773]
Event: 26.060 Thread 0x00000168041c5800 Exception <a 'java/lang/NoSuchMethodError'{0x0000000087726d68}: 'void java.lang.invoke.DirectMethodHandle$Holder.invokeStatic(java.lang.Object, java.lang.Object, java.lang.Object, java.lang.Object, int, java.lang.Object, java.lang.Object)'> (0x0000000087726d68) thrown at [./src/hotspot/share/interpreter/linkResolver.cpp, line 773]
Event: 26.115 Thread 0x00000168041c5800 Exception <a 'java/lang/IncompatibleClassChangeError'{0x0000000087fe8930}: Found class java.lang.Object, but interface was expected> (0x0000000087fe8930) thrown at [./src/hotspot/share/interpreter/linkResolver.cpp, line 839]
Event: 26.384 Thread 0x0000016807980800 Exception <a 'java/lang/IncompatibleClassChangeError'{0x0000000087c038d8}: Found class java.lang.Object, but interface was expected> (0x0000000087c038d8) thrown at [./src/hotspot/share/interpreter/linkResolver.cpp, line 839]
Event: 26.417 Thread 0x0000016807980800 Exception <a 'java/lang/NoSuchMethodError'{0x0000000087bd35d8}: 'int java.lang.invoke.DirectMethodHandle$Holder.invokeStaticInit(java.lang.Object, java.lang.Object, java.lang.Object, java.lang.Object, java.lang.Object)'> (0x0000000087bd35d8) thrown at [./src/hotspot/share/interpreter/linkResolver.cpp, line 773]
Event: 27.268 Thread 0x00000168041c5800 Exception <a 'java/lang/NoSuchMethodError'{0x000000008990b810}: 'java.lang.Object java.lang.invoke.DirectMethodHandle$Holder.invokeSpecialIFC(java.lang.Object, java.lang.Object, java.lang.Object)'> (0x000000008990b810) thrown at [./src/hotspot/share/interpreter/linkResolver.cpp, line 773]
Event: 27.404 Thread 0x0000016805814000 Exception <a 'java/lang/NoSuchMethodError'{0x000000008944ce30}: 'java.lang.Object java.lang.invoke.DirectMethodHandle$Holder.newInvokeSpecial(java.lang.Object, java.lang.Object, java.lang.Object, java.lang.Object)'> (0x000000008944ce30) thrown at [./src/hotspot/share/interpreter/linkResolver.cpp, line 773]
Event: 27.404 Thread 0x000001680797b800 Exception <a 'java/lang/NoSuchMethodError'{0x0000000089427860}: 'java.lang.Object java.lang.invoke.DirectMethodHandle$Holder.newInvokeSpecial(java.lang.Object, java.lang.Object, java.lang.Object, java.lang.Object)'> (0x0000000089427860) thrown at [./src/hotspot/share/interpreter/linkResolver.cpp, line 773]
Event: 27.404 Thread 0x00000168041c5800 Exception <a 'java/lang/NoSuchMethodError'{0x0000000089952920}: 'java.lang.Object java.lang.invoke.DirectMethodHandle$Holder.newInvokeSpecial(java.lang.Object, java.lang.Object, java.lang.Object, java.lang.Object)'> (0x0000000089952920) thrown at [./src/hotspot/share/interpreter/linkResolver.cpp, line 773]
Event: 27.404 Thread 0x0000016807ece000 Exception <a 'java/lang/NoSuchMethodError'{0x000000008947c440}: 'java.lang.Object java.lang.invoke.DirectMethodHandle$Holder.newInvokeSpecial(java.lang.Object, java.lang.Object, java.lang.Object, java.lang.Object)'> (0x000000008947c440) thrown at [./src/hotspot/share/interpreter/linkResolver.cpp, line 773]

Events (20 events):
Event: 28.732 Executing VM operation: RevokeBias done
Event: 28.742 Executing VM operation: RevokeBias
Event: 28.742 Executing VM operation: RevokeBias done
Event: 28.748 Executing VM operation: RevokeBias
Event: 28.749 Executing VM operation: RevokeBias done
Event: 28.751 Executing VM operation: G1CollectForAllocation
Event: 28.764 Executing VM operation: G1CollectForAllocation done
Event: 28.768 Executing VM operation: RevokeBias
Event: 28.768 Executing VM operation: RevokeBias done
Event: 28.810 Executing VM operation: RevokeBias
Event: 28.811 Executing VM operation: RevokeBias done
Event: 28.830 Executing VM operation: RevokeBias
Event: 28.830 Executing VM operation: RevokeBias done
Event: 28.835 Executing VM operation: RevokeBias
Event: 28.836 Executing VM operation: RevokeBias done
Event: 28.856 Executing VM operation: RevokeBias
Event: 28.856 Executing VM operation: RevokeBias done
Event: 28.857 Executing VM operation: RevokeBias
Event: 28.857 Executing VM operation: RevokeBias done
Event: 28.860 Loaded shared library C:\Program Files\Android\Android Studio\jre\bin\nio.dll


Dynamic libraries:
0x00007ff61f250000 - 0x00007ff61f25a000 	C:\Program Files\Android\Android Studio\jre\bin\java.exe
0x00007ff833ed0000 - 0x00007ff8340c5000 	C:\Windows\SYSTEM32\ntdll.dll
0x00007ff8323c0000 - 0x00007ff83247d000 	C:\Windows\System32\KERNEL32.DLL
0x00007ff831840000 - 0x00007ff831b0d000 	C:\Windows\System32\KERNELBASE.dll
0x00007ff831670000 - 0x00007ff831770000 	C:\Windows\System32\ucrtbase.dll
0x00007ff82be20000 - 0x00007ff82be39000 	C:\Program Files\Android\Android Studio\jre\bin\jli.dll
0x00007ff82bee0000 - 0x00007ff82bef7000 	C:\Program Files\Android\Android Studio\jre\bin\VCRUNTIME140.dll
0x00007ff8338c0000 - 0x00007ff833a60000 	C:\Windows\System32\USER32.dll
0x00007ff831810000 - 0x00007ff831832000 	C:\Windows\System32\win32u.dll
0x00007ff821350000 - 0x00007ff8215ea000 	C:\Windows\WinSxS\amd64_microsoft.windows.common-controls_6595b64144ccf1df_6.0.19041.1110_none_60b5254171f9507e\COMCTL32.dll
0x00007ff832d20000 - 0x00007ff832d4a000 	C:\Windows\System32\GDI32.dll
0x00007ff833a70000 - 0x00007ff833b0e000 	C:\Windows\System32\msvcrt.dll
0x00007ff831b60000 - 0x00007ff831c6b000 	C:\Windows\System32\gdi32full.dll
0x00007ff831dd0000 - 0x00007ff831e6d000 	C:\Windows\System32\msvcp_win.dll
0x00007ff832250000 - 0x00007ff832280000 	C:\Windows\System32\IMM32.DLL
0x00007ff82a720000 - 0x00007ff82a7bd000 	C:\Program Files\Android\Android Studio\jre\bin\msvcp140.dll
0x00007fffd07e0000 - 0x00007fffd12c5000 	C:\Program Files\Android\Android Studio\jre\bin\server\jvm.dll
0x00007ff832110000 - 0x00007ff8321be000 	C:\Windows\System32\ADVAPI32.dll
0x00007ff833b10000 - 0x00007ff833bac000 	C:\Windows\System32\sechost.dll
0x00007ff833bb0000 - 0x00007ff833cd5000 	C:\Windows\System32\RPCRT4.dll
0x00007ff832280000 - 0x00007ff832288000 	C:\Windows\System32\PSAPI.DLL
0x00007ff82bf60000 - 0x00007ff82bf69000 	C:\Windows\SYSTEM32\WSOCK32.dll
0x00007ff82b930000 - 0x00007ff82b93a000 	C:\Windows\SYSTEM32\VERSION.dll
0x00007ff815f00000 - 0x00007ff815f27000 	C:\Windows\SYSTEM32\WINMM.dll
0x00007ff832480000 - 0x00007ff8324eb000 	C:\Windows\System32\WS2_32.dll
0x00007ff82f4c0000 - 0x00007ff82f4d2000 	C:\Windows\SYSTEM32\kernel.appcore.dll
0x00007ff82aae0000 - 0x00007ff82aaf1000 	C:\Program Files\Android\Android Studio\jre\bin\verify.dll
0x00007ff828130000 - 0x00007ff828314000 	C:\Windows\SYSTEM32\DBGHELP.DLL
0x00007ff828be0000 - 0x00007ff828c0c000 	C:\Windows\SYSTEM32\dbgcore.DLL
0x00007ff8315e0000 - 0x00007ff831662000 	C:\Windows\System32\bcryptPrimitives.dll
0x00007ff82aab0000 - 0x00007ff82aad9000 	C:\Program Files\Android\Android Studio\jre\bin\java.dll
0x00007ff82aa60000 - 0x00007ff82aa6b000 	C:\Program Files\Android\Android Studio\jre\bin\jimage.dll
0x00007ff82a800000 - 0x00007ff82a818000 	C:\Program Files\Android\Android Studio\jre\bin\zip.dll
0x00007ff8325d0000 - 0x00007ff832d14000 	C:\Windows\System32\SHELL32.dll
0x00007ff82f6c0000 - 0x00007ff82fe54000 	C:\Windows\SYSTEM32\windows.storage.dll
0x00007ff8333e0000 - 0x00007ff833734000 	C:\Windows\System32\combase.dll
0x00007ff830f60000 - 0x00007ff830f8c000 	C:\Windows\SYSTEM32\Wldp.dll
0x00007ff832d50000 - 0x00007ff832dfd000 	C:\Windows\System32\SHCORE.dll
0x00007ff833740000 - 0x00007ff833795000 	C:\Windows\System32\shlwapi.dll
0x00007ff831520000 - 0x00007ff83153f000 	C:\Windows\SYSTEM32\profapi.dll
0x00007ff82a7e0000 - 0x00007ff82a7fa000 	C:\Program Files\Android\Android Studio\jre\bin\net.dll
0x00007ff82a3a0000 - 0x00007ff82a4aa000 	C:\Windows\SYSTEM32\WINHTTP.dll
0x00007ff830d40000 - 0x00007ff830daa000 	C:\Windows\system32\mswsock.dll
0x00007ff82a7c0000 - 0x00007ff82a7d4000 	C:\Program Files\Android\Android Studio\jre\bin\nio.dll
0x00007ff82bf30000 - 0x00007ff82bf57000 	C:\Users\Turonbank\.gradle\native\e1d6ef7f7dcc3fd88c89a11ec53ec762bb8ba0a96d01ffa2cd45eb1d1d8dd5c5\windows-amd64\native-platform.dll
0x00007ff813cd0000 - 0x00007ff813e14000 	C:\Users\Turonbank\.gradle\native\5664cfc778a61ccfe75a443a1ab52a65af34e5dc3c78e0209fed803814484fcb\windows-amd64\native-platform-file-events.dll
0x00007ff829e20000 - 0x00007ff829e2a000 	C:\Program Files\Android\Android Studio\jre\bin\management.dll
0x00007ff829aa0000 - 0x00007ff829aad000 	C:\Program Files\Android\Android Studio\jre\bin\management_ext.dll
0x00007ff830fa0000 - 0x00007ff830fb8000 	C:\Windows\SYSTEM32\CRYPTSP.dll
0x00007ff830670000 - 0x00007ff8306a4000 	C:\Windows\system32\rsaenh.dll
0x00007ff8317e0000 - 0x00007ff831807000 	C:\Windows\System32\bcrypt.dll
0x00007ff8314e0000 - 0x00007ff83150e000 	C:\Windows\SYSTEM32\USERENV.dll
0x00007ff830ed0000 - 0x00007ff830edc000 	C:\Windows\SYSTEM32\CRYPTBASE.dll
0x00007ff830a00000 - 0x00007ff830a3b000 	C:\Windows\SYSTEM32\IPHLPAPI.DLL
0x00007ff832100000 - 0x00007ff832108000 	C:\Windows\System32\NSI.dll
0x00007ff829f60000 - 0x00007ff829f77000 	C:\Windows\SYSTEM32\dhcpcsvc6.DLL
0x00007ff829d60000 - 0x00007ff829d7d000 	C:\Windows\SYSTEM32\dhcpcsvc.DLL
0x00007ff830a50000 - 0x00007ff830b1b000 	C:\Windows\SYSTEM32\DNSAPI.dll

dbghelp: loaded successfully - version: 4.0.5 - missing functions: none
symbol engine: initialized successfully - sym options: 0x614 - pdb path: .;C:\Program Files\Android\Android Studio\jre\bin;C:\Windows\SYSTEM32;C:\Windows\WinSxS\amd64_microsoft.windows.common-controls_6595b64144ccf1df_6.0.19041.1110_none_60b5254171f9507e;C:\Program Files\Android\Android Studio\jre\bin\server;C:\Users\Turonbank\.gradle\native\e1d6ef7f7dcc3fd88c89a11ec53ec762bb8ba0a96d01ffa2cd45eb1d1d8dd5c5\windows-amd64;C:\Users\Turonbank\.gradle\native\5664cfc778a61ccfe75a443a1ab52a65af34e5dc3c78e0209fed803814484fcb\windows-amd64

VM Arguments:
jvm_args: --add-opens=java.base/java.util=ALL-UNNAMED --add-opens=java.base/java.lang=ALL-UNNAMED --add-opens=java.base/java.lang.invoke=ALL-UNNAMED --add-opens=java.base/java.util=ALL-UNNAMED --add-opens=java.prefs/java.util.prefs=ALL-UNNAMED --add-opens=java.prefs/java.util.prefs=ALL-UNNAMED --add-opens=java.base/java.nio.charset=ALL-UNNAMED --add-opens=java.base/java.net=ALL-UNNAMED --add-opens=java.base/java.util.concurrent.atomic=ALL-UNNAMED -Xmx2048m -Dfile.encoding=UTF-8 -Duser.country=RU -Duser.language=ru -Duser.variant 
java_command: org.gradle.launcher.daemon.bootstrap.GradleDaemon 7.3.3
java_class_path (initial): C:\Users\Turonbank\.gradle\wrapper\dists\gradle-7.3.3-bin\6a41zxkdtcxs8rphpq6y0069z\gradle-7.3.3\lib\gradle-launcher-7.3.3.jar
Launcher Type: SUN_STANDARD

[Global flags]
     intx CICompilerCount                          = 4                                         {product} {ergonomic}
     uint ConcGCThreads                            = 2                                         {product} {ergonomic}
     uint G1ConcRefinementThreads                  = 8                                         {product} {ergonomic}
   size_t G1HeapRegionSize                         = 1048576                                   {product} {ergonomic}
    uintx GCDrainStackTargetSize                   = 64                                        {product} {ergonomic}
   size_t InitialHeapSize                          = 134217728                                 {product} {ergonomic}
   size_t MarkStackSize                            = 4194304                                   {product} {ergonomic}
   size_t MaxHeapSize                              = 2147483648                                {product} {command line}
   size_t MaxNewSize                               = 1287651328                                {product} {ergonomic}
   size_t MinHeapDeltaBytes                        = 1048576                                   {product} {ergonomic}
    uintx NonNMethodCodeHeapSize                   = 5836300                                {pd product} {ergonomic}
    uintx NonProfiledCodeHeapSize                  = 122910970                              {pd product} {ergonomic}
    uintx ProfiledCodeHeapSize                     = 122910970                              {pd product} {ergonomic}
    uintx ReservedCodeCacheSize                    = 251658240                              {pd product} {ergonomic}
     bool SegmentedCodeCache                       = true                                      {product} {ergonomic}
     bool UseCompressedClassPointers               = true                                 {lp64_product} {ergonomic}
     bool UseCompressedOops                        = true                                 {lp64_product} {ergonomic}
     bool UseG1GC                                  = true                                      {product} {ergonomic}
     bool UseLargePagesIndividualAllocation        = false                                  {pd product} {ergonomic}

Logging:
Log output configuration:
 #0: stdout all=warning uptime,level,tags
 #1: stderr all=off uptime,level,tags

Environment Variables:
PATH=C:\Program Files\Common Files\Oracle\Java\javapath;C:\Program Files (x86)\Common Files\Oracle\Java\javapath;C:\Windows\system32;C:\Windows;C:\Windows\System32\Wbem;C:\Windows\System32\WindowsPowerShell\v1.0\;C:\Windows\System32\OpenSSH\;C:\Users\Turonbank\AppData\Local\Microsoft\WindowsApps;C:\Users\Turonbank\AppData\Local\Programs\Git\cmd
USERNAME=Turonbank
OS=Windows_NT
PROCESSOR_IDENTIFIER=Intel64 Family 6 Model 165 Stepping 3, GenuineIntel



---------------  S Y S T E M  ---------------

OS: Windows 10 , 64 bit Build 19041 (10.0.19041.1706)
OS uptime: 0 days 8:25 hours
Hyper-V role detected

CPU:total 8 (initial active 8) (4 cores per cpu, 2 threads per core) family 6 model 165 stepping 3 microcode 0xcc, cmov, cx8, fxsr, mmx, sse, sse2, sse3, ssse3, sse4.1, sse4.2, popcnt, avx, avx2, aes, clmul, erms, 3dnowpref, lzcnt, ht, tsc, tscinvbit, bmi1, bmi2, adx, fma

Memory: 4k page, system-wide physical 8085M (392M free)
TotalPageFile size 10133M (AvailPageFile size 5M)
current process WorkingSet (physical memory assigned to process): 417M, peak: 420M
current process commit charge ("private bytes"): 455M, peak: 462M

vm_info: OpenJDK 64-Bit Server VM (11.0.12+7-b1504.28-7817840) for windows-amd64 JRE (11.0.12+7-b1504.28-7817840), built on Oct 13 2021 22:12:33 by "builder" with MS VC++ 14.0 (VS2015)

END.
